
25-10-15 23:23:59 [-] [2025-10-15(23:23)]: |GSilas connected|n
25-10-15 23:32:15 [-] [2025-10-15(23:32)]: |RSilas disconnected ()|n
25-10-16 22:45:30 [-] [2025-10-16(22:45)]: |GSilas connected|n
25-10-16 23:06:15 [-] [2025-10-16(23:06)]: |RSilas disconnected ()|n
25-10-17 15:03:41 [-] [2025-10-17(15:03)]: |GSilas connected|n
25-10-17 15:04:17 [-] [2025-10-17(15:04)]: |RSilas disconnected ()|n
25-10-17 15:53:00 [-] [2025-10-17(15:53)]: |GSilas connected|n
25-10-17 16:54:51 [-] [2025-10-17(16:54)]: |RSilas disconnected ()|n
25-10-17 19:58:31 [-] [2025-10-17(19:58)]: |GSilas connected|n
25-10-17 20:00:28 [-] [2025-10-17(20:00)]: |RSilas disconnected ()|n
25-10-20 16:48:43 [-] [2025-10-20(16:48)]: |GSilas connected|n
25-10-20 16:54:07 [-] [2025-10-20(16:54)]: |RSilas disconnected ()|n
25-10-20 19:43:02 [-] [2025-10-20(19:43)]: |GSilas connected|n
25-10-20 20:35:57 [-] [2025-10-20(20:35)]: |RSilas disconnected ()|n
25-10-20 22:07:26 [-] [2025-10-20(22:07)]: |GSilas connected|n
25-10-20 22:07:56 [-] [2025-10-20(22:07)]: |RSilas disconnected ()|n
25-10-21 14:56:17 [-] [2025-10-21(14:56)]: |GSilas connected|n
25-10-21 15:45:30 [-] [2025-10-21(15:45)]: |RSilas disconnected ()|n
25-10-21 15:46:53 [-] [2025-10-21(15:46)]: |Gtest connected|n
25-10-21 15:47:06 [-] [2025-10-21(15:47)]: |GSilas connected|n
25-10-21 16:17:21 [-] [2025-10-21(16:17)]: |RSilas disconnected ()|n
25-10-21 16:17:25 [-] [2025-10-21(16:17)]: |Rtest disconnected ()|n
25-10-21 18:00:44 [-] [2025-10-21(18:00)]: |GSilas connected|n
25-10-21 18:14:25 [-] [2025-10-21(18:14)]: |RSilas disconnected ()|n
25-10-21 18:16:12 [-] [2025-10-21(18:16)]: |Gtest connected|n
25-10-21 18:16:29 [-] [2025-10-21(18:16)]: |Rtest disconnected ()|n
25-10-21 18:16:29 [-] [2025-10-21(18:16)]: |Gtest connected|n
25-10-21 18:16:33 [-] [2025-10-21(18:16)]: |Rtest disconnected ()|n
25-10-21 18:16:35 [-] [2025-10-21(18:16)]: |Gtest connected|n
25-10-21 18:16:53 [-] [2025-10-21(18:16)]: |Rtest disconnected ()|n
25-10-21 18:16:53 [-] [2025-10-21(18:16)]: |Gtest connected|n
25-10-21 18:17:08 [-] [2025-10-21(18:17)]: |Rtest disconnected ()|n
25-10-21 18:17:24 [-] [2025-10-21(18:17)]: |Gtest connected|n
25-10-21 18:17:53 [-] [2025-10-21(18:17)]: |Rtest disconnected (quit)|n
25-10-21 18:18:28 [-] [2025-10-21(18:18)]: |GSilas connected|n
25-10-21 18:21:58 [-] [2025-10-21(18:21)]: |RSilas disconnected (quit)|n
25-10-21 18:22:12 [-] [2025-10-21(18:22)]: |GSilas connected|n
25-10-21 18:22:18 [-] [2025-10-21(18:22)]: |RSilas disconnected (quit)|n
25-10-21 18:22:50 [-] [2025-10-21(18:22)]: |Gcat connected|n
25-10-21 18:23:08 [-] [2025-10-21(18:23)]: |Rcat disconnected (Logged in from elsewhere. Disconnecting.)|n
25-10-21 18:23:08 [-] [2025-10-21(18:23)]: |Gcat connected|n
25-10-21 18:23:13 [-] [2025-10-21(18:23)]: |Rcat disconnected (quit)|n
25-10-21 18:23:34 [-] [2025-10-21(18:23)]: |Gcat connected|n
25-10-21 18:23:43 [-] [2025-10-21(18:23)]: |Gtest connected|n
25-10-21 18:25:53 [-] [2025-10-21(18:25)]: |Rtest disconnected (quit)|n
25-10-21 18:26:06 [-] [2025-10-21(18:26)]: |GSilas connected|n
25-10-21 18:28:01 [-] [2025-10-21(18:28)]: |RSilas disconnected (quit)|n
25-10-21 18:28:18 [-] [2025-10-21(18:28)]: |GSilas connected|n
25-10-21 18:37:34 [-] [2025-10-21(18:37)]: |RSilas disconnected (quit)|n
25-10-21 18:38:23 [-] [2025-10-21(18:38)]: |Gtest connected|n
25-10-21 18:39:10 [-] [2025-10-21(18:39)]: |Rtest disconnected (Logged in from elsewhere. Disconnecting.)|n
25-10-21 18:39:10 [-] [2025-10-21(18:39)]: |Gtest connected|n
25-10-21 18:39:14 [-] [2025-10-21(18:39)]: |Rtest disconnected (quit)|n
25-10-21 18:39:32 [-] [2025-10-21(18:39)]: |GSilas connected|n
25-10-21 18:39:39 [-] [2025-10-21(18:39)]: |RSilas disconnected (Logged in from elsewhere. Disconnecting.)|n
25-10-21 18:39:39 [-] [2025-10-21(18:39)]: |GSilas connected|n
25-10-21 18:39:57 [-] [2025-10-21(18:39)]: |RSilas disconnected (quit)|n
25-10-21 18:40:24 [-] [2025-10-21(18:40)]: |GSilas connected|n
25-10-21 18:40:27 [-] [2025-10-21(18:40)]: |Gtest connected|n
25-10-21 19:00:22 [-] [2025-10-21(19:00)]: |Rcat disconnected ()|n
25-10-21 19:00:23 [-] [2025-10-21(19:00)]: |Rtest disconnected ()|n
25-10-21 19:00:23 [-] [2025-10-21(19:00)]: |RSilas disconnected ()|n
25-10-21 19:11:29 [-] [2025-10-21(19:11)]: |GSilas connected|n
25-10-21 19:57:47 [-] [2025-10-21(19:57)]: |RSilas disconnected ()|n
25-10-22 23:15:21 [-] [2025-10-22(23:15)]: |Gtest connected|n
25-10-22 23:17:59 [-] [2025-10-22(23:17)]: |Rtest disconnected (quit)|n
25-10-27 13:36:55 [-] [2025-10-27(13:36)]: |GSilas connected|n
25-10-27 13:37:33 [-] [2025-10-27(13:37)]: |RSilas disconnected (quit)|n
25-10-27 13:41:14 [-] [2025-10-27(13:41)]: |GSilas connected|n
25-10-27 13:41:21 [-] [2025-10-27(13:41)]: |RSilas disconnected ()|n
25-10-27 18:18:02 [-] [2025-10-27(18:18)]: |GSilas connected|n
25-10-27 18:24:35 [-] [2025-10-27(18:24)]: |RSilas disconnected ()|n
25-11-07 17:16:47 [-] [2025-11-07(17:16)]: |GSilas connected|n
25-11-07 17:20:34 [-] [2025-11-07(17:20)]: |RSilas disconnected ()|n
25-11-07 17:54:51 [-] [2025-11-07(17:54)]: |GSilas connected|n
25-11-07 18:03:00 [-] [2025-11-07(18:03)]: |Gtest connected|n
25-11-07 18:13:25 [-] [2025-11-07(18:13)]: |RSilas disconnected (quit)|n
25-11-07 18:13:29 [-] [2025-11-07(18:13)]: |Rtest disconnected (quit)|n
25-11-07 18:14:39 [-] [2025-11-07(18:14)]: |GSilas connected|n
25-11-07 18:15:09 [-] [2025-11-07(18:15)]: |Gtest connected|n
25-11-07 18:15:39 [-] [2025-11-07(18:15)]: |Rtest disconnected (quit)|n
25-11-07 18:15:55 [-] [2025-11-07(18:15)]: |Gtest connected|n
25-11-10 18:26:14 [-] [2025-11-10(18:26)]: |RSilas disconnected (Logged in from elsewhere. Disconnecting.)|n
25-11-10 18:26:14 [-] [2025-11-10(18:26)]: |GSilas connected|n
25-11-10 18:26:33 [-] [2025-11-10(18:26)]: |Rtest disconnected ()|n
25-11-12 16:54:24 [-] [2025-11-12(16:54)]: |RSilas disconnected ()|n
25-11-12 16:54:24 [-] [2025-11-12(16:54)]: |GSilas connected|n
25-11-12 16:55:08 [-] [2025-11-12(16:55)]: |RSilas disconnected (quit)|n
25-11-12 17:01:42 [-] [2025-11-12(17:01)]: |GSilas connected|n
25-11-12 17:03:05 [-] [2025-11-12(17:03)]: |RSilas disconnected ()|n
25-11-14 16:38:09 [-] [2025-11-14(16:38)]: |GSilas connected|n
25-11-14 17:10:56 [-] [2025-11-14(17:10)]: |RSilas disconnected ()|n
25-11-14 17:19:25 [-] [2025-11-14(17:19)]: |GSilas connected|n
25-11-14 17:26:02 [-] [2025-11-14(17:26)]: |Gtest connected|n
25-11-14 17:40:44 [-] [2025-11-14(17:40)]: |RSilas disconnected ()|n
25-11-14 17:41:03 [-] [2025-11-14(17:41)]: |GSilas connected|n
25-11-14 17:42:31 [-] [2025-11-14(17:42)]: |GSilas connected|n
25-11-14 17:45:52 [-] [2025-11-14(17:45)]: |GSilas connected|n
25-11-14 17:59:22 [-] [2025-11-14(17:59)]: |RSilas disconnected (Logged in from elsewhere. Disconnecting.)|n
25-11-14 17:59:22 [-] [2025-11-14(17:59)]: |GSilas connected|n
25-11-14 18:07:37 [-] [2025-11-14(18:07)]: |Gtest connected|n
25-11-14 19:24:46 [-] [2025-11-14(19:24)]: |Rtest disconnected (Logged in from elsewhere. Disconnecting.)|n
25-11-14 19:24:46 [-] [2025-11-14(19:24)]: |Gtest connected|n
25-11-14 19:24:46 [-] [2025-11-14(19:24)]: |RSilas disconnected ()|n
25-11-14 19:26:12 [-] [2025-11-14(19:26)]: |Rtest disconnected ()|n
25-11-14 19:26:33 [-] [2025-11-14(19:26)]: |GSilas connected|n
25-11-14 19:27:06 [-] [2025-11-14(19:27)]: |Gtest connected|n
25-11-14 19:31:43 [-] [2025-11-14(19:31)]: |RSilas disconnected ()|n
25-11-14 19:31:43 [-] [2025-11-14(19:31)]: |Rtest disconnected ()|n
25-11-14 21:13:12 [-] [2025-11-14(21:13)]: |GSilas connected|n
25-11-14 21:13:16 [-] [2025-11-14(21:13)]: |RSilas disconnected ()|n
25-11-14 21:20:05 [-] [2025-11-14(21:20)]: |GSilas connected|n
25-11-14 21:21:14 [-] [2025-11-14(21:21)]: |RSilas disconnected (quit)|n
25-11-18 17:52:29 [-] [2025-11-18(17:52)]: |GSilas connected|n
25-11-18 18:05:15 [-] [2025-11-18(18:05)]: |RSilas disconnected ()|n
25-11-19 17:12:31 [-] [2025-11-19(17:12)]: |GSilas connected|n
25-11-19 17:26:04 [-] [2025-11-19(17:26)]: |Gtest connected|n
25-11-19 17:31:30 [-] [2025-11-19(17:31)]: |Rtest disconnected ()|n
25-11-19 17:31:44 [-] [2025-11-19(17:31)]: |RSilas disconnected ()|n
25-11-19 21:07:05 [-] [2025-11-19(21:07)]: |Gtest connected|n
25-11-19 21:07:28 [-] [2025-11-19(21:07)]: |Rtest disconnected ()|n
25-11-19 21:07:46 [-] [2025-11-19(21:07)]: |GSilas connected|n
25-11-19 21:11:06 [-] [2025-11-19(21:11)]: |RSilas disconnected ()|n
25-11-19 21:11:24 [-] [2025-11-19(21:11)]: |Gtest connected|n
25-11-19 21:11:45 [-] [2025-11-19(21:11)]: |Rtest disconnected ()|n
25-11-19 21:11:48 [-] [2025-11-19(21:11)]: |Gtest connected|n
25-11-19 21:14:07 [-] [2025-11-19(21:14)]: |GSilas connected|n
25-11-19 21:16:11 [-] [2025-11-19(21:16)]: |RSilas disconnected ()|n
25-11-21 16:54:32 [-] [2025-11-21(16:54)]: |GSilas connected|n
25-11-21 17:06:51 [-] [2025-11-21(17:06)]: |Rtest disconnected ()|n
25-11-21 17:06:57 [-] [2025-11-21(17:06)]: |RSilas disconnected (quit)|n
25-11-21 17:27:44 [-] [2025-11-21(17:27)]: |GSilas connected|n
25-11-21 18:02:50 [-] [2025-11-21(18:02)]: |RSilas disconnected (quit)|n
25-11-22 00:57:33 [-] [2025-11-22(00:57)]: |Gtest connected|n
25-11-22 01:00:17 [-] [2025-11-22(01:00)]: |GSilas connected|n
25-11-22 01:01:24 [-] [2025-11-22(01:01)]: |RSilas disconnected ()|n
25-11-24 16:55:41 [-] [2025-11-24(16:55)]: |GSilas connected|n
25-11-24 16:55:41 [-] [2025-11-24(16:55)]: |Rtest disconnected ()|n
25-11-24 17:09:19 [-] [2025-11-24(17:09)]: |RSilas disconnected (quit)|n
25-11-24 17:09:33 [-] [2025-11-24(17:09)]: |GSilas connected|n
25-11-24 17:32:50 [-] [2025-11-24(17:32)]: |RSilas disconnected (quit)|n
25-11-24 17:33:00 [-] [2025-11-24(17:33)]: |GSilas connected|n
25-12-01 16:59:50 [-] [2025-12-01(16:59)]: |RSilas disconnected (Logged in from elsewhere. Disconnecting.)|n
25-12-01 16:59:50 [-] [2025-12-01(16:59)]: |GSilas connected|n
25-12-19 18:47:57 [-] [2025-12-19(18:47)]: |RSilas disconnected (Logged in from elsewhere. Disconnecting.)|n
25-12-19 18:47:57 [-] [2025-12-19(18:47)]: |GSilas connected|n
25-12-19 18:59:03 [-] [2025-12-19(18:59)]: |RSilas disconnected (Logged in from elsewhere. Disconnecting.)|n
25-12-19 18:59:04 [-] [2025-12-19(18:59)]: |GSilas connected|n
25-12-19 18:59:08 [-] [2025-12-19(18:59)]: |RSilas disconnected (quit)|n
25-12-19 18:59:21 [-] [2025-12-19(18:59)]: |GSilas connected|n
25-12-19 18:59:29 [-] [2025-12-19(18:59)]: |Gtest connected|n
25-12-19 19:19:23 [-] [2025-12-19(19:19)]: |Rtest disconnected ()|n
25-12-19 19:21:20 [-] [2025-12-19(19:21)]: |RSilas disconnected (Logged in from elsewhere. Disconnecting.)|n
25-12-19 19:21:20 [-] [2025-12-19(19:21)]: |GSilas connected|n
25-12-19 19:21:38 [-] [2025-12-19(19:21)]: |RSilas disconnected ()|n
25-12-22 15:16:11 [-] [2025-12-22(15:16)]: |GSilas connected|n
25-12-22 15:19:51 [-] [2025-12-22(15:19)]: |RSilas disconnected (quit)|n
25-12-22 15:20:06 [-] [2025-12-22(15:20)]: |Gtest connected|n
25-12-22 15:23:00 [-] [2025-12-22(15:23)]: |Rtest disconnected (quit)|n
25-12-22 15:23:10 [-] [2025-12-22(15:23)]: |GSilas connected|n
25-12-24 16:19:28 [-] [2025-12-24(16:19)]: |RSilas disconnected ()|n
25-12-24 16:19:28 [-] [2025-12-24(16:19)]: |GSilas connected|n
25-12-24 16:20:10 [-] [2025-12-24(16:20)]: |RSilas disconnected (Logged in from elsewhere. Disconnecting.)|n
25-12-24 16:20:10 [-] [2025-12-24(16:20)]: |GSilas connected|n
25-12-24 16:20:14 [-] [2025-12-24(16:20)]: |RSilas disconnected (quit)|n
25-12-24 16:20:27 [-] [2025-12-24(16:20)]: |Gtest connected|n
25-12-26 19:40:46 [-] [2025-12-26(19:40)]: |Rtest disconnected ()|n
25-12-26 19:40:46 [-] [2025-12-26(19:40)]: |Gtest connected|n
25-12-26 19:40:49 [-] [2025-12-26(19:40)]: |Rtest disconnected (quit)|n
25-12-26 19:40:59 [-] [2025-12-26(19:40)]: |GSilas connected|n
25-12-26 19:55:47 [-] [2025-12-26(19:55)]: |RSilas disconnected (quit)|n
25-12-26 19:56:01 [-] [2025-12-26(19:56)]: |Gtest connected|n
25-12-26 19:57:40 [-] [2025-12-26(19:57)]: |Rtest disconnected (quit)|n
25-12-26 19:57:56 [-] [2025-12-26(19:57)]: |GSilas connected|n
25-12-26 19:58:52 [-] [2025-12-26(19:58)]: |RSilas disconnected ()|n
25-12-26 19:58:52 [-] [2025-12-26(19:58)]: |GSilas connected|n
25-12-26 20:36:40 [-] [2025-12-26(20:36)]: |RSilas disconnected (Logged in from elsewhere. Disconnecting.)|n
25-12-26 20:36:40 [-] [2025-12-26(20:36)]: |GSilas connected|n
25-12-26 20:36:48 [-] [2025-12-26(20:36)]: |RSilas disconnected (Logged in from elsewhere. Disconnecting.)|n
25-12-26 20:36:48 [-] [2025-12-26(20:36)]: |GSilas connected|n
25-12-26 20:36:55 [-] [2025-12-26(20:36)]: |RSilas disconnected (quit)|n
25-12-26 20:37:00 [-] [2025-12-26(20:37)]: |GSilas connected|n
25-12-26 20:37:05 [-] [2025-12-26(20:37)]: |RSilas disconnected (Logged in from elsewhere. Disconnecting.)|n
25-12-26 20:37:05 [-] [2025-12-26(20:37)]: |GSilas connected|n
25-12-26 20:37:21 [-] [2025-12-26(20:37)]: |Gtest connected|n
25-12-26 20:47:51 [-] [2025-12-26(20:47)]: |RSilas disconnected (quit)|n
25-12-26 20:48:05 [-] [2025-12-26(20:48)]: |GSilas connected|n
25-12-26 20:48:13 [-] [2025-12-26(20:48)]: |Rtest disconnected (quit)|n
25-12-26 20:48:29 [-] [2025-12-26(20:48)]: |Gtest connected|n
25-12-26 20:48:57 [-] [2025-12-26(20:48)]: |RSilas disconnected ()|n
25-12-26 20:48:57 [-] [2025-12-26(20:48)]: |Rtest disconnected ()|n
25-12-26 20:48:57 [-] [2025-12-26(20:48)]: |Gtest connected|n
25-12-26 20:49:00 [-] [2025-12-26(20:49)]: |Rtest disconnected (Logged in from elsewhere. Disconnecting.)|n
25-12-26 20:49:00 [-] [2025-12-26(20:49)]: |Gtest connected|n
25-12-26 20:51:47 [-] [2025-12-26(20:51)]: |GPhoebe-the-heroine connected|n
25-12-26 20:56:47 [-] [2025-12-26(20:56)]: |RPhoebe-the-heroine disconnected (Logged in from elsewhere. Disconnecting.)|n
25-12-26 20:56:47 [-] [2025-12-26(20:56)]: |GPhoebe-the-heroine connected|n
25-12-26 20:56:53 [-] [2025-12-26(20:56)]: |RPhoebe-the-heroine disconnected (quit)|n
25-12-26 20:57:15 [-] [2025-12-26(20:57)]: |GSilas connected|n
25-12-26 20:57:43 [-] [2025-12-26(20:57)]: |RSilas disconnected (Logged in from elsewhere. Disconnecting.)|n
25-12-26 20:57:43 [-] [2025-12-26(20:57)]: |GSilas connected|n
25-12-26 20:57:51 [-] [2025-12-26(20:57)]: |RSilas disconnected (quit)|n
25-12-26 20:58:20 [-] [2025-12-26(20:58)]: |GPhoebe-the-heroine connected|n
25-12-26 20:58:26 [-] [2025-12-26(20:58)]: |RPhoebe-the-heroine disconnected (Logged in from elsewhere. Disconnecting.)|n
25-12-26 20:58:26 [-] [2025-12-26(20:58)]: |GPhoebe-the-heroine connected|n
25-12-26 20:58:53 [-] [2025-12-26(20:58)]: |RPhoebe-the-heroine disconnected (Logged in from elsewhere. Disconnecting.)|n
25-12-26 20:58:53 [-] [2025-12-26(20:58)]: |GPhoebe-the-heroine connected|n
25-12-26 20:59:10 [-] [2025-12-26(20:59)]: |GSilas connected|n
25-12-27 18:09:02 [-] [2025-12-27(18:09)]: |Rtest disconnected ()|n
25-12-27 18:09:02 [-] [2025-12-27(18:09)]: |RPhoebe-the-heroine disconnected ()|n
25-12-27 18:09:02 [-] [2025-12-27(18:09)]: |RSilas disconnected ()|n
25-12-27 18:09:02 [-] [2025-12-27(18:09)]: |GSilas connected|n
25-12-29 01:19:03 [-] [2025-12-29(01:19)]: |RSilas disconnected ()|n
25-12-29 01:19:04 [-] [2025-12-29(01:19)]: |GSilas connected|n
25-12-29 02:02:30 [-] [2025-12-29(02:02)]: |RSilas disconnected ()|n
25-12-29 23:19:31 [-] [2025-12-29(23:19)]: |GSilas connected|n
25-12-29 23:19:37 [-] [2025-12-29(23:19)]: |RSilas disconnected ()|n
25-12-29 23:22:59 [-] [2025-12-29(23:22)]: |GDumbledore connected|n
25-12-29 23:25:13 [-] [2025-12-29(23:25)]: |RDumbledore disconnected (quit)|n
25-12-29 23:25:24 [-] [2025-12-29(23:25)]: |GSilas connected|n
25-12-29 23:26:10 [-] [2025-12-29(23:26)]: |RSilas disconnected (quit)|n
25-12-29 23:26:29 [-] [2025-12-29(23:26)]: |GDumbledore connected|n
25-12-29 23:27:49 [-] [2025-12-29(23:27)]: |RDumbledore disconnected ()|n
25-12-29 23:29:40 [-] [2025-12-29(23:29)]: |GDumbledore connected|n
25-12-30 17:29:04 [-] [2025-12-30(17:29)]: |RDumbledore disconnected ()|n
25-12-30 17:29:04 [-] [2025-12-30(17:29)]: |GDumbledore connected|n
25-12-31 17:17:25 [-] [2025-12-31(17:17)]: |RDumbledore disconnected ()|n
25-12-31 17:17:25 [-] [2025-12-31(17:17)]: |GDumbledore connected|n
25-12-31 17:17:35 [-] [2025-12-31(17:17)]: |RDumbledore disconnected ()|n
25-12-31 17:17:54 [-] [2025-12-31(17:17)]: |GSilas connected|n
25-12-31 19:15:09 [-] [2025-12-31(19:15)]: |RSilas disconnected ()|n
25-12-31 19:15:09 [-] [2025-12-31(19:15)]: |GSilas connected|n
26-01-05 14:09:43 [-] [2026-01-05(14:09)]: |RSilas disconnected ()|n
26-01-05 14:09:43 [-] [2026-01-05(14:09)]: |GSilas connected|n
26-01-06 15:01:32 [-] [2026-01-06(15:01)]: |RSilas disconnected ()|n
26-01-06 15:01:32 [-] [2026-01-06(15:01)]: |GSilas connected|n
26-01-06 15:24:23 [-] [2026-01-06(15:24)]: |RSilas disconnected ()|n
26-01-06 15:24:23 [-] [2026-01-06(15:24)]: |GSilas connected|n
26-01-06 18:06:10 [-] [2026-01-06(18:06)]: |RSilas disconnected ()|n
26-01-06 18:06:10 [-] [2026-01-06(18:06)]: |GSilas connected|n
26-01-07 18:21:46 [-] [2026-01-07(18:21)]: |RSilas disconnected ()|n
26-01-07 18:21:46 [-] [2026-01-07(18:21)]: |GSilas connected|n
26-01-07 18:22:42 [-] [2026-01-07(18:22)]: |RSilas disconnected (quit)|n
26-01-12 17:58:59 [-] [2026-01-12(17:58)]: |GSilas connected|n
26-01-12 18:25:14 [-] [2026-01-12(18:25)]: |RSilas disconnected ()|n
26-01-12 18:25:14 [-] [2026-01-12(18:25)]: |GSilas connected|n
26-01-12 18:44:18 [-] [2026-01-12(18:44)]: |RSilas disconnected ()|n
26-01-12 18:44:18 [-] [2026-01-12(18:44)]: |GSilas connected|n
26-01-16 16:08:52 [-] [2026-01-16(16:08)]: |RSilas disconnected ()|n
26-01-16 16:08:52 [-] [2026-01-16(16:08)]: |GSilas connected|n
26-01-16 20:23:41 [-] [2026-01-16(20:23)]: |RSilas disconnected ()|n
26-01-16 20:23:42 [-] [2026-01-16(20:23)]: |GSilas connected|n
26-01-30 17:02:43 [-] [2026-01-30(17:02)]: |RSilas disconnected ()|n
26-01-30 17:02:43 [-] [2026-01-30(17:02)]: |GSilas connected|n
26-01-30 17:03:41 [-] [2026-01-30(17:03)]: |RSilas disconnected (quit)|n
26-01-30 17:08:03 [-] [2026-01-30(17:08)]: |GSilas connected|n
26-01-30 17:29:25 [-] [2026-01-30(17:29)]: |RSilas disconnected (Logged in from elsewhere. Disconnecting.)|n
26-01-30 17:29:25 [-] [2026-01-30(17:29)]: |GSilas connected|n
26-01-30 17:29:33 [-] [2026-01-30(17:29)]: |RSilas disconnected ()|n
26-01-30 17:29:43 [-] [2026-01-30(17:29)]: |GSilas connected|n